<?xml version="1.0" encoding="utf-8" standalone="yes"?><Layout layout="test" modulePackage="com.example.quarter.android" filePath="Quarter/src/main/res/layout/test.xml" directory="layout" isMerge="false" isBindingData="false" rootNodeType="android.widget.RelativeLayout"><Targets><Target tag="layout/test_0" view="RelativeLayout"><Expressions/><location startLine="1" startOffset="0" endLine="7" endOffset="16"/></Target></Targets></Layout>